Determining if the pthread_create exist failed with the following output:
Change Dir: /home/fuelfighter/cartographer_ws/build_isolated/rover_description/CMakeFiles/CMakeTmp

Run Build Command:"/usr/bin/ninja" "cmTC_bd9b7"
[1/2] Building C object CMakeFiles/cmTC_bd9b7.dir/CheckSymbolExists.c.o
[2/2] Linking C executable cmTC_bd9b7
FAILED: cmTC_bd9b7 
: && /usr/bin/cc   -rdynamic CMakeFiles/cmTC_bd9b7.dir/CheckSymbolExists.c.o  -o cmTC_bd9b7   && :
CMakeFiles/cmTC_bd9b7.dir/CheckSymbolExists.c.o: In function `main':
CheckSymbolExists.c:(.text+0x1b): undefined reference to `pthread_create'
collect2: error: ld returned 1 exit status
ninja: build stopped: subcommand failed.

File /home/fuelfighter/cartographer_ws/build_isolated/rover_description/CMakeFiles/CMakeTmp/CheckSymbolExists.c:
/* */
#include <pthread.h>

int main(int argc, char** argv)
{
  (void)argv;
#ifndef pthread_create
  return ((int*)(&pthread_create))[argc];
#else
  (void)argc;
  return 0;
#endif
}

Determining if the function pthread_create exists in the pthreads failed with the following output:
Change Dir: /home/fuelfighter/cartographer_ws/build_isolated/rover_description/CMakeFiles/CMakeTmp

Run Build Command:"/usr/bin/ninja" "cmTC_30bb1"
[1/2] Building C object CMakeFiles/cmTC_30bb1.dir/CheckFunctionExists.c.o
[2/2] Linking C executable cmTC_30bb1
FAILED: cmTC_30bb1 
: && /usr/bin/cc -DCHECK_FUNCTION_EXISTS=pthread_create  -rdynamic CMakeFiles/cmTC_30bb1.dir/CheckFunctionExists.c.o  -o cmTC_30bb1  -lpthreads && :
/usr/bin/ld: cannot find -lpthreads
collect2: error: ld returned 1 exit status
ninja: build stopped: subcommand failed.


