Linked: (/home/fuelfighter/cartographer_ws/devel/.private/cartographer_ros_msgs/lib/pkgconfig/cartographer_ros_msgs.pc, /home/fuelfighter/cartographer_ws/devel/lib/pkgconfig/cartographer_ros_msgs.pc)
Linked: (/home/fuelfighter/cartographer_ws/devel/.private/cartographer_ros_msgs/lib/python2.7/dist-packages/cartographer_ros_msgs/__init__.py, /home/fuelfighter/cartographer_ws/devel/lib/python2.7/dist-packages/cartographer_ros_msgs/__init__.py)
Linked: (/home/fuelfighter/cartographer_ws/devel/.private/cartographer_ros_msgs/lib/python2.7/dist-packages/cartographer_ros_msgs/srv/_FinishTrajectory.py, /home/fuelfighter/cartographer_ws/devel/lib/python2.7/dist-packages/cartographer_ros_msgs/srv/_FinishTrajectory.py)
Linked: (/home/fuelfighter/cartographer_ws/devel/.private/cartographer_ros_msgs/lib/python2.7/dist-packages/cartographer_ros_msgs/srv/_StartTrajectory.py, /home/fuelfighter/cartographer_ws/devel/lib/python2.7/dist-packages/cartographer_ros_msgs/srv/_StartTrajectory.py)
Linked: (/home/fuelfighter/cartographer_ws/devel/.private/cartographer_ros_msgs/lib/python2.7/dist-packages/cartographer_ros_msgs/srv/__init__.py, /home/fuelfighter/cartographer_ws/devel/lib/python2.7/dist-packages/cartographer_ros_msgs/srv/__init__.py)
Linked: (/home/fuelfighter/cartographer_ws/devel/.private/cartographer_ros_msgs/lib/python2.7/dist-packages/cartographer_ros_msgs/srv/_SubmapQuery.py, /home/fuelfighter/cartographer_ws/devel/lib/python2.7/dist-packages/cartographer_ros_msgs/srv/_SubmapQuery.py)
Linked: (/home/fuelfighter/cartographer_ws/devel/.private/cartographer_ros_msgs/lib/python2.7/dist-packages/cartographer_ros_msgs/srv/_WriteState.py, /home/fuelfighter/cartographer_ws/devel/lib/python2.7/dist-packages/cartographer_ros_msgs/srv/_WriteState.py)
Linked: (/home/fuelfighter/cartographer_ws/devel/.private/cartographer_ros_msgs/lib/python2.7/dist-packages/cartographer_ros_msgs/msg/_SensorTopics.py, /home/fuelfighter/cartographer_ws/devel/lib/python2.7/dist-packages/cartographer_ros_msgs/msg/_SensorTopics.py)
Linked: (/home/fuelfighter/cartographer_ws/devel/.private/cartographer_ros_msgs/lib/python2.7/dist-packages/cartographer_ros_msgs/msg/_LandmarkList.py, /home/fuelfighter/cartographer_ws/devel/lib/python2.7/dist-packages/cartographer_ros_msgs/msg/_LandmarkList.py)
Linked: (/home/fuelfighter/cartographer_ws/devel/.private/cartographer_ros_msgs/lib/python2.7/dist-packages/cartographer_ros_msgs/msg/_StatusResponse.py, /home/fuelfighter/cartographer_ws/devel/lib/python2.7/dist-packages/cartographer_ros_msgs/msg/_StatusResponse.py)
Linked: (/home/fuelfighter/cartographer_ws/devel/.private/cartographer_ros_msgs/lib/python2.7/dist-packages/cartographer_ros_msgs/msg/__init__.py, /home/fuelfighter/cartographer_ws/devel/lib/python2.7/dist-packages/cartographer_ros_msgs/msg/__init__.py)
Linked: (/home/fuelfighter/cartographer_ws/devel/.private/cartographer_ros_msgs/lib/python2.7/dist-packages/cartographer_ros_msgs/msg/_TrajectoryOptions.py, /home/fuelfighter/cartographer_ws/devel/lib/python2.7/dist-packages/cartographer_ros_msgs/msg/_TrajectoryOptions.py)
Linked: (/home/fuelfighter/cartographer_ws/devel/.private/cartographer_ros_msgs/lib/python2.7/dist-packages/cartographer_ros_msgs/msg/_LandmarkEntry.py, /home/fuelfighter/cartographer_ws/devel/lib/python2.7/dist-packages/cartographer_ros_msgs/msg/_LandmarkEntry.py)
Linked: (/home/fuelfighter/cartographer_ws/devel/.private/cartographer_ros_msgs/lib/python2.7/dist-packages/cartographer_ros_msgs/msg/_SubmapList.py, /home/fuelfighter/cartographer_ws/devel/lib/python2.7/dist-packages/cartographer_ros_msgs/msg/_SubmapList.py)
Linked: (/home/fuelfighter/cartographer_ws/devel/.private/cartographer_ros_msgs/lib/python2.7/dist-packages/cartographer_ros_msgs/msg/_SubmapTexture.py, /home/fuelfighter/cartographer_ws/devel/lib/python2.7/dist-packages/cartographer_ros_msgs/msg/_SubmapTexture.py)
Linked: (/home/fuelfighter/cartographer_ws/devel/.private/cartographer_ros_msgs/lib/python2.7/dist-packages/cartographer_ros_msgs/msg/_StatusCode.py, /home/fuelfighter/cartographer_ws/devel/lib/python2.7/dist-packages/cartographer_ros_msgs/msg/_StatusCode.py)
Linked: (/home/fuelfighter/cartographer_ws/devel/.private/cartographer_ros_msgs/lib/python2.7/dist-packages/cartographer_ros_msgs/msg/_SubmapEntry.py, /home/fuelfighter/cartographer_ws/devel/lib/python2.7/dist-packages/cartographer_ros_msgs/msg/_SubmapEntry.py)
Linked: (/home/fuelfighter/cartographer_ws/devel/.private/cartographer_ros_msgs/include/cartographer_ros_msgs/LandmarkEntry.h, /home/fuelfighter/cartographer_ws/devel/include/cartographer_ros_msgs/LandmarkEntry.h)
Linked: (/home/fuelfighter/cartographer_ws/devel/.private/cartographer_ros_msgs/include/cartographer_ros_msgs/StatusCode.h, /home/fuelfighter/cartographer_ws/devel/include/cartographer_ros_msgs/StatusCode.h)
Linked: (/home/fuelfighter/cartographer_ws/devel/.private/cartographer_ros_msgs/include/cartographer_ros_msgs/SubmapTexture.h, /home/fuelfighter/cartographer_ws/devel/include/cartographer_ros_msgs/SubmapTexture.h)
Linked: (/home/fuelfighter/cartographer_ws/devel/.private/cartographer_ros_msgs/include/cartographer_ros_msgs/StartTrajectory.h, /home/fuelfighter/cartographer_ws/devel/include/cartographer_ros_msgs/StartTrajectory.h)
Linked: (/home/fuelfighter/cartographer_ws/devel/.private/cartographer_ros_msgs/include/cartographer_ros_msgs/SensorTopics.h, /home/fuelfighter/cartographer_ws/devel/include/cartographer_ros_msgs/SensorTopics.h)
Linked: (/home/fuelfighter/cartographer_ws/devel/.private/cartographer_ros_msgs/include/cartographer_ros_msgs/StatusResponse.h, /home/fuelfighter/cartographer_ws/devel/include/cartographer_ros_msgs/StatusResponse.h)
Linked: (/home/fuelfighter/cartographer_ws/devel/.private/cartographer_ros_msgs/include/cartographer_ros_msgs/TrajectoryOptions.h, /home/fuelfighter/cartographer_ws/devel/include/cartographer_ros_msgs/TrajectoryOptions.h)
Linked: (/home/fuelfighter/cartographer_ws/devel/.private/cartographer_ros_msgs/include/cartographer_ros_msgs/WriteStateRequest.h, /home/fuelfighter/cartographer_ws/devel/include/cartographer_ros_msgs/WriteStateRequest.h)
Linked: (/home/fuelfighter/cartographer_ws/devel/.private/cartographer_ros_msgs/include/cartographer_ros_msgs/SubmapQueryResponse.h, /home/fuelfighter/cartographer_ws/devel/include/cartographer_ros_msgs/SubmapQueryResponse.h)
Linked: (/home/fuelfighter/cartographer_ws/devel/.private/cartographer_ros_msgs/include/cartographer_ros_msgs/SubmapQueryRequest.h, /home/fuelfighter/cartographer_ws/devel/include/cartographer_ros_msgs/SubmapQueryRequest.h)
Linked: (/home/fuelfighter/cartographer_ws/devel/.private/cartographer_ros_msgs/include/cartographer_ros_msgs/LandmarkList.h, /home/fuelfighter/cartographer_ws/devel/include/cartographer_ros_msgs/LandmarkList.h)
Linked: (/home/fuelfighter/cartographer_ws/devel/.private/cartographer_ros_msgs/include/cartographer_ros_msgs/SubmapEntry.h, /home/fuelfighter/cartographer_ws/devel/include/cartographer_ros_msgs/SubmapEntry.h)
Linked: (/home/fuelfighter/cartographer_ws/devel/.private/cartographer_ros_msgs/include/cartographer_ros_msgs/FinishTrajectoryResponse.h, /home/fuelfighter/cartographer_ws/devel/include/cartographer_ros_msgs/FinishTrajectoryResponse.h)
Linked: (/home/fuelfighter/cartographer_ws/devel/.private/cartographer_ros_msgs/include/cartographer_ros_msgs/StartTrajectoryResponse.h, /home/fuelfighter/cartographer_ws/devel/include/cartographer_ros_msgs/StartTrajectoryResponse.h)
Linked: (/home/fuelfighter/cartographer_ws/devel/.private/cartographer_ros_msgs/include/cartographer_ros_msgs/WriteState.h, /home/fuelfighter/cartographer_ws/devel/include/cartographer_ros_msgs/WriteState.h)
Linked: (/home/fuelfighter/cartographer_ws/devel/.private/cartographer_ros_msgs/include/cartographer_ros_msgs/StartTrajectoryRequest.h, /home/fuelfighter/cartographer_ws/devel/include/cartographer_ros_msgs/StartTrajectoryRequest.h)
Linked: (/home/fuelfighter/cartographer_ws/devel/.private/cartographer_ros_msgs/include/cartographer_ros_msgs/SubmapList.h, /home/fuelfighter/cartographer_ws/devel/include/cartographer_ros_msgs/SubmapList.h)
Linked: (/home/fuelfighter/cartographer_ws/devel/.private/cartographer_ros_msgs/include/cartographer_ros_msgs/WriteStateResponse.h, /home/fuelfighter/cartographer_ws/devel/include/cartographer_ros_msgs/WriteStateResponse.h)
Linked: (/home/fuelfighter/cartographer_ws/devel/.private/cartographer_ros_msgs/include/cartographer_ros_msgs/FinishTrajectoryRequest.h, /home/fuelfighter/cartographer_ws/devel/include/cartographer_ros_msgs/FinishTrajectoryRequest.h)
Linked: (/home/fuelfighter/cartographer_ws/devel/.private/cartographer_ros_msgs/include/cartographer_ros_msgs/SubmapQuery.h, /home/fuelfighter/cartographer_ws/devel/include/cartographer_ros_msgs/SubmapQuery.h)
Linked: (/home/fuelfighter/cartographer_ws/devel/.private/cartographer_ros_msgs/include/cartographer_ros_msgs/FinishTrajectory.h, /home/fuelfighter/cartographer_ws/devel/include/cartographer_ros_msgs/FinishTrajectory.h)
Linked: (/home/fuelfighter/cartographer_ws/devel/.private/cartographer_ros_msgs/share/cartographer_ros_msgs/cmake/cartographer_ros_msgsConfig-version.cmake, /home/fuelfighter/cartographer_ws/devel/share/cartographer_ros_msgs/cmake/cartographer_ros_msgsConfig-version.cmake)
Linked: (/home/fuelfighter/cartographer_ws/devel/.private/cartographer_ros_msgs/share/cartographer_ros_msgs/cmake/cartographer_ros_msgs-msg-extras.cmake, /home/fuelfighter/cartographer_ws/devel/share/cartographer_ros_msgs/cmake/cartographer_ros_msgs-msg-extras.cmake)
Linked: (/home/fuelfighter/cartographer_ws/devel/.private/cartographer_ros_msgs/share/cartographer_ros_msgs/cmake/cartographer_ros_msgs-msg-paths.cmake, /home/fuelfighter/cartographer_ws/devel/share/cartographer_ros_msgs/cmake/cartographer_ros_msgs-msg-paths.cmake)
Linked: (/home/fuelfighter/cartographer_ws/devel/.private/cartographer_ros_msgs/share/cartographer_ros_msgs/cmake/cartographer_ros_msgsConfig.cmake, /home/fuelfighter/cartographer_ws/devel/share/cartographer_ros_msgs/cmake/cartographer_ros_msgsConfig.cmake)
Linked: (/home/fuelfighter/cartographer_ws/devel/.private/cartographer_ros_msgs/share/gennodejs/ros/cartographer_ros_msgs/_index.js, /home/fuelfighter/cartographer_ws/devel/share/gennodejs/ros/cartographer_ros_msgs/_index.js)
Linked: (/home/fuelfighter/cartographer_ws/devel/.private/cartographer_ros_msgs/share/gennodejs/ros/cartographer_ros_msgs/srv/_index.js, /home/fuelfighter/cartographer_ws/devel/share/gennodejs/ros/cartographer_ros_msgs/srv/_index.js)
Linked: (/home/fuelfighter/cartographer_ws/devel/.private/cartographer_ros_msgs/share/gennodejs/ros/cartographer_ros_msgs/srv/StartTrajectory.js, /home/fuelfighter/cartographer_ws/devel/share/gennodejs/ros/cartographer_ros_msgs/srv/StartTrajectory.js)
Linked: (/home/fuelfighter/cartographer_ws/devel/.private/cartographer_ros_msgs/share/gennodejs/ros/cartographer_ros_msgs/srv/SubmapQuery.js, /home/fuelfighter/cartographer_ws/devel/share/gennodejs/ros/cartographer_ros_msgs/srv/SubmapQuery.js)
Linked: (/home/fuelfighter/cartographer_ws/devel/.private/cartographer_ros_msgs/share/gennodejs/ros/cartographer_ros_msgs/srv/FinishTrajectory.js, /home/fuelfighter/cartographer_ws/devel/share/gennodejs/ros/cartographer_ros_msgs/srv/FinishTrajectory.js)
Linked: (/home/fuelfighter/cartographer_ws/devel/.private/cartographer_ros_msgs/share/gennodejs/ros/cartographer_ros_msgs/srv/WriteState.js, /home/fuelfighter/cartographer_ws/devel/share/gennodejs/ros/cartographer_ros_msgs/srv/WriteState.js)
Linked: (/home/fuelfighter/cartographer_ws/devel/.private/cartographer_ros_msgs/share/gennodejs/ros/cartographer_ros_msgs/msg/LandmarkList.js, /home/fuelfighter/cartographer_ws/devel/share/gennodejs/ros/cartographer_ros_msgs/msg/LandmarkList.js)
Linked: (/home/fuelfighter/cartographer_ws/devel/.private/cartographer_ros_msgs/share/gennodejs/ros/cartographer_ros_msgs/msg/LandmarkEntry.js, /home/fuelfighter/cartographer_ws/devel/share/gennodejs/ros/cartographer_ros_msgs/msg/LandmarkEntry.js)
Linked: (/home/fuelfighter/cartographer_ws/devel/.private/cartographer_ros_msgs/share/gennodejs/ros/cartographer_ros_msgs/msg/SubmapList.js, /home/fuelfighter/cartographer_ws/devel/share/gennodejs/ros/cartographer_ros_msgs/msg/SubmapList.js)
Linked: (/home/fuelfighter/cartographer_ws/devel/.private/cartographer_ros_msgs/share/gennodejs/ros/cartographer_ros_msgs/msg/TrajectoryOptions.js, /home/fuelfighter/cartographer_ws/devel/share/gennodejs/ros/cartographer_ros_msgs/msg/TrajectoryOptions.js)
Linked: (/home/fuelfighter/cartographer_ws/devel/.private/cartographer_ros_msgs/share/gennodejs/ros/cartographer_ros_msgs/msg/StatusCode.js, /home/fuelfighter/cartographer_ws/devel/share/gennodejs/ros/cartographer_ros_msgs/msg/StatusCode.js)
Linked: (/home/fuelfighter/cartographer_ws/devel/.private/cartographer_ros_msgs/share/gennodejs/ros/cartographer_ros_msgs/msg/_index.js, /home/fuelfighter/cartographer_ws/devel/share/gennodejs/ros/cartographer_ros_msgs/msg/_index.js)
Linked: (/home/fuelfighter/cartographer_ws/devel/.private/cartographer_ros_msgs/share/gennodejs/ros/cartographer_ros_msgs/msg/SensorTopics.js, /home/fuelfighter/cartographer_ws/devel/share/gennodejs/ros/cartographer_ros_msgs/msg/SensorTopics.js)
Linked: (/home/fuelfighter/cartographer_ws/devel/.private/cartographer_ros_msgs/share/gennodejs/ros/cartographer_ros_msgs/msg/StatusResponse.js, /home/fuelfighter/cartographer_ws/devel/share/gennodejs/ros/cartographer_ros_msgs/msg/StatusResponse.js)
Linked: (/home/fuelfighter/cartographer_ws/devel/.private/cartographer_ros_msgs/share/gennodejs/ros/cartographer_ros_msgs/msg/SubmapEntry.js, /home/fuelfighter/cartographer_ws/devel/share/gennodejs/ros/cartographer_ros_msgs/msg/SubmapEntry.js)
Linked: (/home/fuelfighter/cartographer_ws/devel/.private/cartographer_ros_msgs/share/gennodejs/ros/cartographer_ros_msgs/msg/SubmapTexture.js, /home/fuelfighter/cartographer_ws/devel/share/gennodejs/ros/cartographer_ros_msgs/msg/SubmapTexture.js)
Linked: (/home/fuelfighter/cartographer_ws/devel/.private/cartographer_ros_msgs/share/common-lisp/ros/cartographer_ros_msgs/srv/_package.lisp, /home/fuelfighter/cartographer_ws/devel/share/common-lisp/ros/cartographer_ros_msgs/srv/_package.lisp)
Linked: (/home/fuelfighter/cartographer_ws/devel/.private/cartographer_ros_msgs/share/common-lisp/ros/cartographer_ros_msgs/srv/_package_FinishTrajectory.lisp, /home/fuelfighter/cartographer_ws/devel/share/common-lisp/ros/cartographer_ros_msgs/srv/_package_FinishTrajectory.lisp)
Linked: (/home/fuelfighter/cartographer_ws/devel/.private/cartographer_ros_msgs/share/common-lisp/ros/cartographer_ros_msgs/srv/FinishTrajectory.lisp, /home/fuelfighter/cartographer_ws/devel/share/common-lisp/ros/cartographer_ros_msgs/srv/FinishTrajectory.lisp)
Linked: (/home/fuelfighter/cartographer_ws/devel/.private/cartographer_ros_msgs/share/common-lisp/ros/cartographer_ros_msgs/srv/_package_StartTrajectory.lisp, /home/fuelfighter/cartographer_ws/devel/share/common-lisp/ros/cartographer_ros_msgs/srv/_package_StartTrajectory.lisp)
Linked: (/home/fuelfighter/cartographer_ws/devel/.private/cartographer_ros_msgs/share/common-lisp/ros/cartographer_ros_msgs/srv/_package_SubmapQuery.lisp, /home/fuelfighter/cartographer_ws/devel/share/common-lisp/ros/cartographer_ros_msgs/srv/_package_SubmapQuery.lisp)
Linked: (/home/fuelfighter/cartographer_ws/devel/.private/cartographer_ros_msgs/share/common-lisp/ros/cartographer_ros_msgs/srv/cartographer_ros_msgs-srv.asd, /home/fuelfighter/cartographer_ws/devel/share/common-lisp/ros/cartographer_ros_msgs/srv/cartographer_ros_msgs-srv.asd)
Linked: (/home/fuelfighter/cartographer_ws/devel/.private/cartographer_ros_msgs/share/common-lisp/ros/cartographer_ros_msgs/srv/WriteState.lisp, /home/fuelfighter/cartographer_ws/devel/share/common-lisp/ros/cartographer_ros_msgs/srv/WriteState.lisp)
Linked: (/home/fuelfighter/cartographer_ws/devel/.private/cartographer_ros_msgs/share/common-lisp/ros/cartographer_ros_msgs/srv/_package_WriteState.lisp, /home/fuelfighter/cartographer_ws/devel/share/common-lisp/ros/cartographer_ros_msgs/srv/_package_WriteState.lisp)
Linked: (/home/fuelfighter/cartographer_ws/devel/.private/cartographer_ros_msgs/share/common-lisp/ros/cartographer_ros_msgs/srv/SubmapQuery.lisp, /home/fuelfighter/cartographer_ws/devel/share/common-lisp/ros/cartographer_ros_msgs/srv/SubmapQuery.lisp)
Linked: (/home/fuelfighter/cartographer_ws/devel/.private/cartographer_ros_msgs/share/common-lisp/ros/cartographer_ros_msgs/srv/StartTrajectory.lisp, /home/fuelfighter/cartographer_ws/devel/share/common-lisp/ros/cartographer_ros_msgs/srv/StartTrajectory.lisp)
Linked: (/home/fuelfighter/cartographer_ws/devel/.private/cartographer_ros_msgs/share/common-lisp/ros/cartographer_ros_msgs/msg/StatusCode.lisp, /home/fuelfighter/cartographer_ws/devel/share/common-lisp/ros/cartographer_ros_msgs/msg/StatusCode.lisp)
Linked: (/home/fuelfighter/cartographer_ws/devel/.private/cartographer_ros_msgs/share/common-lisp/ros/cartographer_ros_msgs/msg/_package_StatusCode.lisp, /home/fuelfighter/cartographer_ws/devel/share/common-lisp/ros/cartographer_ros_msgs/msg/_package_StatusCode.lisp)
Linked: (/home/fuelfighter/cartographer_ws/devel/.private/cartographer_ros_msgs/share/common-lisp/ros/cartographer_ros_msgs/msg/_package_TrajectoryOptions.lisp, /home/fuelfighter/cartographer_ws/devel/share/common-lisp/ros/cartographer_ros_msgs/msg/_package_TrajectoryOptions.lisp)
Linked: (/home/fuelfighter/cartographer_ws/devel/.private/cartographer_ros_msgs/share/common-lisp/ros/cartographer_ros_msgs/msg/_package.lisp, /home/fuelfighter/cartographer_ws/devel/share/common-lisp/ros/cartographer_ros_msgs/msg/_package.lisp)
Linked: (/home/fuelfighter/cartographer_ws/devel/.private/cartographer_ros_msgs/share/common-lisp/ros/cartographer_ros_msgs/msg/_package_SubmapEntry.lisp, /home/fuelfighter/cartographer_ws/devel/share/common-lisp/ros/cartographer_ros_msgs/msg/_package_SubmapEntry.lisp)
Linked: (/home/fuelfighter/cartographer_ws/devel/.private/cartographer_ros_msgs/share/common-lisp/ros/cartographer_ros_msgs/msg/_package_SensorTopics.lisp, /home/fuelfighter/cartographer_ws/devel/share/common-lisp/ros/cartographer_ros_msgs/msg/_package_SensorTopics.lisp)
Linked: (/home/fuelfighter/cartographer_ws/devel/.private/cartographer_ros_msgs/share/common-lisp/ros/cartographer_ros_msgs/msg/_package_SubmapList.lisp, /home/fuelfighter/cartographer_ws/devel/share/common-lisp/ros/cartographer_ros_msgs/msg/_package_SubmapList.lisp)
Linked: (/home/fuelfighter/cartographer_ws/devel/.private/cartographer_ros_msgs/share/common-lisp/ros/cartographer_ros_msgs/msg/SubmapTexture.lisp, /home/fuelfighter/cartographer_ws/devel/share/common-lisp/ros/cartographer_ros_msgs/msg/SubmapTexture.lisp)
Linked: (/home/fuelfighter/cartographer_ws/devel/.private/cartographer_ros_msgs/share/common-lisp/ros/cartographer_ros_msgs/msg/SensorTopics.lisp, /home/fuelfighter/cartographer_ws/devel/share/common-lisp/ros/cartographer_ros_msgs/msg/SensorTopics.lisp)
Linked: (/home/fuelfighter/cartographer_ws/devel/.private/cartographer_ros_msgs/share/common-lisp/ros/cartographer_ros_msgs/msg/_package_LandmarkEntry.lisp, /home/fuelfighter/cartographer_ws/devel/share/common-lisp/ros/cartographer_ros_msgs/msg/_package_LandmarkEntry.lisp)
Linked: (/home/fuelfighter/cartographer_ws/devel/.private/cartographer_ros_msgs/share/common-lisp/ros/cartographer_ros_msgs/msg/LandmarkList.lisp, /home/fuelfighter/cartographer_ws/devel/share/common-lisp/ros/cartographer_ros_msgs/msg/LandmarkList.lisp)
Linked: (/home/fuelfighter/cartographer_ws/devel/.private/cartographer_ros_msgs/share/common-lisp/ros/cartographer_ros_msgs/msg/_package_StatusResponse.lisp, /home/fuelfighter/cartographer_ws/devel/share/common-lisp/ros/cartographer_ros_msgs/msg/_package_StatusResponse.lisp)
Linked: (/home/fuelfighter/cartographer_ws/devel/.private/cartographer_ros_msgs/share/common-lisp/ros/cartographer_ros_msgs/msg/StatusResponse.lisp, /home/fuelfighter/cartographer_ws/devel/share/common-lisp/ros/cartographer_ros_msgs/msg/StatusResponse.lisp)
Linked: (/home/fuelfighter/cartographer_ws/devel/.private/cartographer_ros_msgs/share/common-lisp/ros/cartographer_ros_msgs/msg/TrajectoryOptions.lisp, /home/fuelfighter/cartographer_ws/devel/share/common-lisp/ros/cartographer_ros_msgs/msg/TrajectoryOptions.lisp)
Linked: (/home/fuelfighter/cartographer_ws/devel/.private/cartographer_ros_msgs/share/common-lisp/ros/cartographer_ros_msgs/msg/LandmarkEntry.lisp, /home/fuelfighter/cartographer_ws/devel/share/common-lisp/ros/cartographer_ros_msgs/msg/LandmarkEntry.lisp)
Linked: (/home/fuelfighter/cartographer_ws/devel/.private/cartographer_ros_msgs/share/common-lisp/ros/cartographer_ros_msgs/msg/_package_LandmarkList.lisp, /home/fuelfighter/cartographer_ws/devel/share/common-lisp/ros/cartographer_ros_msgs/msg/_package_LandmarkList.lisp)
Linked: (/home/fuelfighter/cartographer_ws/devel/.private/cartographer_ros_msgs/share/common-lisp/ros/cartographer_ros_msgs/msg/SubmapList.lisp, /home/fuelfighter/cartographer_ws/devel/share/common-lisp/ros/cartographer_ros_msgs/msg/SubmapList.lisp)
Linked: (/home/fuelfighter/cartographer_ws/devel/.private/cartographer_ros_msgs/share/common-lisp/ros/cartographer_ros_msgs/msg/cartographer_ros_msgs-msg.asd, /home/fuelfighter/cartographer_ws/devel/share/common-lisp/ros/cartographer_ros_msgs/msg/cartographer_ros_msgs-msg.asd)
Linked: (/home/fuelfighter/cartographer_ws/devel/.private/cartographer_ros_msgs/share/common-lisp/ros/cartographer_ros_msgs/msg/_package_SubmapTexture.lisp, /home/fuelfighter/cartographer_ws/devel/share/common-lisp/ros/cartographer_ros_msgs/msg/_package_SubmapTexture.lisp)
Linked: (/home/fuelfighter/cartographer_ws/devel/.private/cartographer_ros_msgs/share/common-lisp/ros/cartographer_ros_msgs/msg/SubmapEntry.lisp, /home/fuelfighter/cartographer_ws/devel/share/common-lisp/ros/cartographer_ros_msgs/msg/SubmapEntry.lisp)
Linked: (/home/fuelfighter/cartographer_ws/devel/.private/cartographer_ros_msgs/share/roseus/ros/cartographer_ros_msgs/manifest.l, /home/fuelfighter/cartographer_ws/devel/share/roseus/ros/cartographer_ros_msgs/manifest.l)
Linked: (/home/fuelfighter/cartographer_ws/devel/.private/cartographer_ros_msgs/share/roseus/ros/cartographer_ros_msgs/srv/FinishTrajectory.l, /home/fuelfighter/cartographer_ws/devel/share/roseus/ros/cartographer_ros_msgs/srv/FinishTrajectory.l)
Linked: (/home/fuelfighter/cartographer_ws/devel/.private/cartographer_ros_msgs/share/roseus/ros/cartographer_ros_msgs/srv/SubmapQuery.l, /home/fuelfighter/cartographer_ws/devel/share/roseus/ros/cartographer_ros_msgs/srv/SubmapQuery.l)
Linked: (/home/fuelfighter/cartographer_ws/devel/.private/cartographer_ros_msgs/share/roseus/ros/cartographer_ros_msgs/srv/WriteState.l, /home/fuelfighter/cartographer_ws/devel/share/roseus/ros/cartographer_ros_msgs/srv/WriteState.l)
Linked: (/home/fuelfighter/cartographer_ws/devel/.private/cartographer_ros_msgs/share/roseus/ros/cartographer_ros_msgs/srv/StartTrajectory.l, /home/fuelfighter/cartographer_ws/devel/share/roseus/ros/cartographer_ros_msgs/srv/StartTrajectory.l)
Linked: (/home/fuelfighter/cartographer_ws/devel/.private/cartographer_ros_msgs/share/roseus/ros/cartographer_ros_msgs/msg/SubmapEntry.l, /home/fuelfighter/cartographer_ws/devel/share/roseus/ros/cartographer_ros_msgs/msg/SubmapEntry.l)
Linked: (/home/fuelfighter/cartographer_ws/devel/.private/cartographer_ros_msgs/share/roseus/ros/cartographer_ros_msgs/msg/SubmapList.l, /home/fuelfighter/cartographer_ws/devel/share/roseus/ros/cartographer_ros_msgs/msg/SubmapList.l)
Linked: (/home/fuelfighter/cartographer_ws/devel/.private/cartographer_ros_msgs/share/roseus/ros/cartographer_ros_msgs/msg/SubmapTexture.l, /home/fuelfighter/cartographer_ws/devel/share/roseus/ros/cartographer_ros_msgs/msg/SubmapTexture.l)
Linked: (/home/fuelfighter/cartographer_ws/devel/.private/cartographer_ros_msgs/share/roseus/ros/cartographer_ros_msgs/msg/StatusResponse.l, /home/fuelfighter/cartographer_ws/devel/share/roseus/ros/cartographer_ros_msgs/msg/StatusResponse.l)
Linked: (/home/fuelfighter/cartographer_ws/devel/.private/cartographer_ros_msgs/share/roseus/ros/cartographer_ros_msgs/msg/StatusCode.l, /home/fuelfighter/cartographer_ws/devel/share/roseus/ros/cartographer_ros_msgs/msg/StatusCode.l)
Linked: (/home/fuelfighter/cartographer_ws/devel/.private/cartographer_ros_msgs/share/roseus/ros/cartographer_ros_msgs/msg/SensorTopics.l, /home/fuelfighter/cartographer_ws/devel/share/roseus/ros/cartographer_ros_msgs/msg/SensorTopics.l)
Linked: (/home/fuelfighter/cartographer_ws/devel/.private/cartographer_ros_msgs/share/roseus/ros/cartographer_ros_msgs/msg/LandmarkEntry.l, /home/fuelfighter/cartographer_ws/devel/share/roseus/ros/cartographer_ros_msgs/msg/LandmarkEntry.l)
Linked: (/home/fuelfighter/cartographer_ws/devel/.private/cartographer_ros_msgs/share/roseus/ros/cartographer_ros_msgs/msg/LandmarkList.l, /home/fuelfighter/cartographer_ws/devel/share/roseus/ros/cartographer_ros_msgs/msg/LandmarkList.l)
Linked: (/home/fuelfighter/cartographer_ws/devel/.private/cartographer_ros_msgs/share/roseus/ros/cartographer_ros_msgs/msg/TrajectoryOptions.l, /home/fuelfighter/cartographer_ws/devel/share/roseus/ros/cartographer_ros_msgs/msg/TrajectoryOptions.l)
