Determining if the pthread_create exist failed with the following output:
Change Dir: /home/fuelfighter/cartographer_ws/build_isolated/rover_2dnav/CMakeFiles/CMakeTmp

Run Build Command:"/usr/bin/ninja" "cmTC_eb8fd"
[1/2] Building C object CMakeFiles/cmTC_eb8fd.dir/CheckSymbolExists.c.o
[2/2] Linking C executable cmTC_eb8fd
FAILED: cmTC_eb8fd 
: && /usr/bin/cc   -rdynamic CMakeFiles/cmTC_eb8fd.dir/CheckSymbolExists.c.o  -o cmTC_eb8fd   && :
CMakeFiles/cmTC_eb8fd.dir/CheckSymbolExists.c.o: In function `main':
CheckSymbolExists.c:(.text+0x1b): undefined reference to `pthread_create'
collect2: error: ld returned 1 exit status
ninja: build stopped: subcommand failed.

File /home/fuelfighter/cartographer_ws/build_isolated/rover_2dnav/CMakeFiles/CMakeTmp/CheckSymbolExists.c:
/* */
#include <pthread.h>

int main(int argc, char** argv)
{
  (void)argv;
#ifndef pthread_create
  return ((int*)(&pthread_create))[argc];
#else
  (void)argc;
  return 0;
#endif
}

Determining if the function pthread_create exists in the pthreads failed with the following output:
Change Dir: /home/fuelfighter/cartographer_ws/build_isolated/rover_2dnav/CMakeFiles/CMakeTmp

Run Build Command:"/usr/bin/ninja" "cmTC_8d1b0"
[1/2] Building C object CMakeFiles/cmTC_8d1b0.dir/CheckFunctionExists.c.o
[2/2] Linking C executable cmTC_8d1b0
FAILED: cmTC_8d1b0 
: && /usr/bin/cc -DCHECK_FUNCTION_EXISTS=pthread_create  -rdynamic CMakeFiles/cmTC_8d1b0.dir/CheckFunctionExists.c.o  -o cmTC_8d1b0  -lpthreads && :
/usr/bin/ld: cannot find -lpthreads
collect2: error: ld returned 1 exit status
ninja: build stopped: subcommand failed.


