Determining if the pthread_create exist failed with the following output:
Change Dir: /home/fuelfighter/cartographer_ws/build/cartographer_ros/CMakeFiles/CMakeTmp

Run Build Command:"/usr/bin/make" "cmTC_79b8f/fast"
/usr/bin/make -f CMakeFiles/cmTC_79b8f.dir/build.make CMakeFiles/cmTC_79b8f.dir/build
make[1]: Entering directory '/home/fuelfighter/cartographer_ws/build/cartographer_ros/CMakeFiles/CMakeTmp'
Building C object CMakeFiles/cmTC_79b8f.dir/CheckSymbolExists.c.o
/usr/bin/cc    -o CMakeFiles/cmTC_79b8f.dir/CheckSymbolExists.c.o   -c /home/fuelfighter/cartographer_ws/build/cartographer_ros/CMakeFiles/CMakeTmp/CheckSymbolExists.c
Linking C executable cmTC_79b8f
/usr/bin/cmake -E cmake_link_script CMakeFiles/cmTC_79b8f.dir/link.txt --verbose=1
/usr/bin/cc      -rdynamic CMakeFiles/cmTC_79b8f.dir/CheckSymbolExists.c.o  -o cmTC_79b8f 
CMakeFiles/cmTC_79b8f.dir/CheckSymbolExists.c.o: In function `main':
CheckSymbolExists.c:(.text+0x1b): undefined reference to `pthread_create'
collect2: error: ld returned 1 exit status
CMakeFiles/cmTC_79b8f.dir/build.make:97: recipe for target 'cmTC_79b8f' failed
make[1]: *** [cmTC_79b8f] Error 1
make[1]: Leaving directory '/home/fuelfighter/cartographer_ws/build/cartographer_ros/CMakeFiles/CMakeTmp'
Makefile:126: recipe for target 'cmTC_79b8f/fast' failed
make: *** [cmTC_79b8f/fast] Error 2

File /home/fuelfighter/cartographer_ws/build/cartographer_ros/CMakeFiles/CMakeTmp/CheckSymbolExists.c:
/* */
#include <pthread.h>

int main(int argc, char** argv)
{
  (void)argv;
#ifndef pthread_create
  return ((int*)(&pthread_create))[argc];
#else
  (void)argc;
  return 0;
#endif
}

Determining if the function pthread_create exists in the pthreads failed with the following output:
Change Dir: /home/fuelfighter/cartographer_ws/build/cartographer_ros/CMakeFiles/CMakeTmp

Run Build Command:"/usr/bin/make" "cmTC_8be6f/fast"
/usr/bin/make -f CMakeFiles/cmTC_8be6f.dir/build.make CMakeFiles/cmTC_8be6f.dir/build
make[1]: Entering directory '/home/fuelfighter/cartographer_ws/build/cartographer_ros/CMakeFiles/CMakeTmp'
Building C object CMakeFiles/cmTC_8be6f.dir/CheckFunctionExists.c.o
/usr/bin/cc   -DCHECK_FUNCTION_EXISTS=pthread_create   -o CMakeFiles/cmTC_8be6f.dir/CheckFunctionExists.c.o   -c /usr/share/cmake-3.10/Modules/CheckFunctionExists.c
Linking C executable cmTC_8be6f
/usr/bin/cmake -E cmake_link_script CMakeFiles/cmTC_8be6f.dir/link.txt --verbose=1
/usr/bin/cc  -DCHECK_FUNCTION_EXISTS=pthread_create    -rdynamic CMakeFiles/cmTC_8be6f.dir/CheckFunctionExists.c.o  -o cmTC_8be6f -lpthreads 
/usr/bin/ld: cannot find -lpthreads
collect2: error: ld returned 1 exit status
CMakeFiles/cmTC_8be6f.dir/build.make:97: recipe for target 'cmTC_8be6f' failed
make[1]: *** [cmTC_8be6f] Error 1
make[1]: Leaving directory '/home/fuelfighter/cartographer_ws/build/cartographer_ros/CMakeFiles/CMakeTmp'
Makefile:126: recipe for target 'cmTC_8be6f/fast' failed
make: *** [cmTC_8be6f/fast] Error 2


