Determining if the pthread_create exist failed with the following output:
Change Dir: /home/fuelfighter/cartographer_ws/build/behavior_cloning/CMakeFiles/CMakeTmp

Run Build Command:"/usr/bin/make" "cmTC_6f11e/fast"
/usr/bin/make -f CMakeFiles/cmTC_6f11e.dir/build.make CMakeFiles/cmTC_6f11e.dir/build
make[1]: Entering directory '/home/fuelfighter/cartographer_ws/build/behavior_cloning/CMakeFiles/CMakeTmp'
Building C object CMakeFiles/cmTC_6f11e.dir/CheckSymbolExists.c.o
/usr/bin/cc    -o CMakeFiles/cmTC_6f11e.dir/CheckSymbolExists.c.o   -c /home/fuelfighter/cartographer_ws/build/behavior_cloning/CMakeFiles/CMakeTmp/CheckSymbolExists.c
Linking C executable cmTC_6f11e
/usr/bin/cmake -E cmake_link_script CMakeFiles/cmTC_6f11e.dir/link.txt --verbose=1
/usr/bin/cc      -rdynamic CMakeFiles/cmTC_6f11e.dir/CheckSymbolExists.c.o  -o cmTC_6f11e 
CMakeFiles/cmTC_6f11e.dir/CheckSymbolExists.c.o: In function `main':
CheckSymbolExists.c:(.text+0x1b): undefined reference to `pthread_create'
collect2: error: ld returned 1 exit status
CMakeFiles/cmTC_6f11e.dir/build.make:97: recipe for target 'cmTC_6f11e' failed
make[1]: *** [cmTC_6f11e] Error 1
make[1]: Leaving directory '/home/fuelfighter/cartographer_ws/build/behavior_cloning/CMakeFiles/CMakeTmp'
Makefile:126: recipe for target 'cmTC_6f11e/fast' failed
make: *** [cmTC_6f11e/fast] Error 2

File /home/fuelfighter/cartographer_ws/build/behavior_cloning/CMakeFiles/CMakeTmp/CheckSymbolExists.c:
/* */
#include <pthread.h>

int main(int argc, char** argv)
{
  (void)argv;
#ifndef pthread_create
  return ((int*)(&pthread_create))[argc];
#else
  (void)argc;
  return 0;
#endif
}

Determining if the function pthread_create exists in the pthreads failed with the following output:
Change Dir: /home/fuelfighter/cartographer_ws/build/behavior_cloning/CMakeFiles/CMakeTmp

Run Build Command:"/usr/bin/make" "cmTC_70dbf/fast"
/usr/bin/make -f CMakeFiles/cmTC_70dbf.dir/build.make CMakeFiles/cmTC_70dbf.dir/build
make[1]: Entering directory '/home/fuelfighter/cartographer_ws/build/behavior_cloning/CMakeFiles/CMakeTmp'
Building C object CMakeFiles/cmTC_70dbf.dir/CheckFunctionExists.c.o
/usr/bin/cc   -DCHECK_FUNCTION_EXISTS=pthread_create   -o CMakeFiles/cmTC_70dbf.dir/CheckFunctionExists.c.o   -c /usr/share/cmake-3.10/Modules/CheckFunctionExists.c
Linking C executable cmTC_70dbf
/usr/bin/cmake -E cmake_link_script CMakeFiles/cmTC_70dbf.dir/link.txt --verbose=1
/usr/bin/cc  -DCHECK_FUNCTION_EXISTS=pthread_create    -rdynamic CMakeFiles/cmTC_70dbf.dir/CheckFunctionExists.c.o  -o cmTC_70dbf -lpthreads 
/usr/bin/ld: cannot find -lpthreads
collect2: error: ld returned 1 exit status
CMakeFiles/cmTC_70dbf.dir/build.make:97: recipe for target 'cmTC_70dbf' failed
make[1]: *** [cmTC_70dbf] Error 1
make[1]: Leaving directory '/home/fuelfighter/cartographer_ws/build/behavior_cloning/CMakeFiles/CMakeTmp'
Makefile:126: recipe for target 'cmTC_70dbf/fast' failed
make: *** [cmTC_70dbf/fast] Error 2


