[  1%] Built target gtest
[ 41%] Built target ceres
[ 43%] Built target test_util
[ 43%] Built target curve_fitting_c
[ 44%] Built target helloworld_analytic_diff
[ 45%] Built target denoising
[ 45%] Built target rosenbrock
[ 47%] Built target helloworld
[ 47%] Built target powell
[ 44%] Built target more_garbow_hillstrom
[ 48%] Built target ellipse_approximation
[ 49%] Built target helloworld_numeric_diff
[ 50%] Built target robot_pose_mle
[ 50%] Built target circle_fit
[ 50%] Built target robust_curve_fitting
[ 52%] Built target curve_fitting
[ 52%] Built target bundle_adjuster
[ 53%] Built target simple_bundle_adjuster
[ 54%] Built target nist
[ 55%] Built target libmv_bundle_adjuster
[ 55%] Built target gradient_problem_test
[ 56%] Built target libmv_homography
[ 57%] Built target sampled_function
[ 57%] Built target pose_graph_3d
[ 57%] Built target dynamic_numeric_diff_cost_function_test
[ 58%] Built target pose_graph_2d
[ 59%] Built target gradient_checking_cost_function_test
[ 60%] Built target evaluator_test
[ 61%] Built target is_close_test
[ 61%] Built target gradient_checker_test
[ 61%] Built target dynamic_sparsity_test
[ 62%] Built target dynamic_autodiff_cost_function_test
[ 63%] Built target cost_function_to_functor_test
[ 64%] Built target detect_structure_test
[ 64%] Built target dense_sparse_matrix_test
[ 65%] Built target dense_linear_solver_test
[ 65%] Built target gradient_problem_solver_test
[ 66%] Built target line_search_preprocessor_test
[ 67%] Built target conditioned_cost_function_test
[ 68%] Built target dynamic_compressed_row_sparse_matrix_test
[ 68%] Built target block_jacobi_preconditioner_test
[ 69%] Built target block_random_access_diagonal_matrix_test
[ 70%] Built target block_sparse_matrix_test
[ 70%] Built target parameter_block_ordering_test
[ 71%] Built target dynamic_sparse_normal_cholesky_solver_test
[ 71%] Built target array_utils_test
[ 72%] Built target sparse_normal_cholesky_solver_test
[ 73%] Built target parameter_block_test
[ 74%] Built target canonical_views_clustering_test
[ 75%] Built target conjugate_gradients_solver_test
[ 76%] Built target c_api_test
[ 77%] Built target autodiff_cost_function_test
[ 77%] Built target rotation_test
[ 77%] Built target sparse_cholesky_test
[ 78%] Built target reorder_program_test
[ 78%] Built target corrector_test
[ 78%] Built target triplet_sparse_matrix_test
[ 78%] Built target covariance_test
[ 79%] Built target ordered_groups_test
[ 80%] Built target small_blas_test
[ 81%] Built target autodiff_test
[ 82%] Built target levenberg_marquardt_strategy_test
[ 82%] Built target compressed_row_sparse_matrix_test
[ 83%] Built target compressed_col_sparse_matrix_utils_test
[ 83%] Built target block_random_access_sparse_matrix_test
[ 84%] Built target partitioned_matrix_view_test
[ 84%] Built target householder_vector_test
[ 84%] Built target graph_test
[ 85%] Built target graph_algorithms_test
[ 86%] Built target visibility_based_preconditioner_test
[ 86%] Built target polynomial_test
[ 86%] Built target autodiff_local_parameterization_test
[ 87%] Built target implicit_schur_complement_test
[ 87%] Built target dogleg_strategy_test
[ 88%] Built target block_random_access_dense_matrix_test
[ 89%] Built target solver_test
[ 90%] Built target schur_eliminator_test
[ 90%] Built target cubic_interpolation_test
[ 90%] Built target invert_psd_matrix_test
[ 90%] Built target system_test
[ 90%] Built target iterative_schur_complement_solver_test
[ 90%] Built target line_search_minimizer_test
[ 91%] Built target problem_test
[ 92%] Built target local_parameterization_test
[ 93%] Built target minimizer_test
[ 93%] Built target loss_function_test
[ 93%] Built target residual_block_test
[ 94%] Built target visibility_test
[ 95%] Built target normal_prior_test
[ 95%] Built target numeric_diff_cost_function_test
[ 95%] Built target program_test
[ 96%] Built target inner_product_computer_test
[ 97%] Built target residual_block_utils_test
[ 97%] Built target trust_region_preprocessor_test
[ 97%] Built target single_linkage_clustering_test
[ 98%] Built target schur_complement_solver_test
[ 99%] Built target trust_region_minimizer_test
[100%] Built target jet_test
[100%] Built target bundle_adjustment_test
